2021-12-16 11:23:03.613  INFO 22517 --- [main] com.iteesoft.drone.DroneApplication      : Starting DroneApplication using Java 17.0.1 on iTeesoft-mac.local with PID 22517 (/Users/decagon/Desktop/my-projects/drone/target/classes started by decagon in /Users/decagon/Desktop/my-projects/drone)
2021-12-16 11:23:03.623  INFO 22517 --- [main] com.iteesoft.drone.DroneApplication      : No active profile set, falling back to default profiles: default
2021-12-16 11:23:10.745  INFO 22517 --- [main] .s.d.r.c.RepositoryConfigurationDelegate : Bootstrapping Spring Data JPA repositories in DEFAULT mode.
2021-12-16 11:23:11.051  INFO 22517 --- [main] .s.d.r.c.RepositoryConfigurationDelegate : Finished Spring Data repository scanning in 251 ms. Found 2 JPA repository interfaces.
2021-12-16 11:23:12.687  INFO 22517 --- [main] o.s.b.w.embedded.tomcat.TomcatWebServer  : Tomcat initialized with port(s): 8080 (http)
2021-12-16 11:23:12.725  INFO 22517 --- [main] o.apache.catalina.core.StandardService   : Starting service [Tomcat]
2021-12-16 11:23:12.726  INFO 22517 --- [main] org.apache.catalina.core.StandardEngine  : Starting Servlet engine: [Apache Tomcat/9.0.55]
2021-12-16 11:23:13.011  INFO 22517 --- [main] o.a.c.c.C.[Tomcat].[localhost].[/]       : Initializing Spring embedded WebApplicationContext
2021-12-16 11:23:13.012  INFO 22517 --- [main] w.s.c.ServletWebServerApplicationContext : Root WebApplicationContext: initialization completed in 8990 ms
2021-12-16 11:23:13.117  INFO 22517 --- [main] com.zaxxer.hikari.HikariDataSource       : HikariPool-1 - Starting...
2021-12-16 11:23:13.678  INFO 22517 --- [main] com.zaxxer.hikari.HikariDataSource       : HikariPool-1 - Start completed.
2021-12-16 11:23:13.711  INFO 22517 --- [main] o.s.b.a.h2.H2ConsoleAutoConfiguration    : H2 console available at '/h2-console'. Database available at 'jdbc:h2:mem:testdb'
2021-12-16 11:23:14.284  INFO 22517 --- [main] o.hibernate.jpa.internal.util.LogHelper  : HHH000204: Processing PersistenceUnitInfo [name: default]
2021-12-16 11:23:14.576  INFO 22517 --- [main] org.hibernate.Version                    : HHH000412: Hibernate ORM core version 5.6.1.Final
2021-12-16 11:23:15.457  INFO 22517 --- [main] o.hibernate.annotations.common.Version   : HCANN000001: Hibernate Commons Annotations {5.1.2.Final}
2021-12-16 11:23:15.980  INFO 22517 --- [main] org.hibernate.dialect.Dialect            : HHH000400: Using dialect: org.hibernate.dialect.H2Dialect
2021-12-16 11:23:18.537  INFO 22517 --- [main] o.h.e.t.j.p.i.JtaPlatformInitiator       : HHH000490: Using JtaPlatform implementation: [org.hibernate.engine.transaction.jta.platform.internal.NoJtaPlatform]
2021-12-16 11:23:18.578  INFO 22517 --- [main] j.LocalContainerEntityManagerFactoryBean : Initialized JPA EntityManagerFactory for persistence unit 'default'
2021-12-16 11:23:20.495  WARN 22517 --- [main] JpaBaseConfiguration$JpaWebConfiguration : spring.jpa.open-in-view is enabled by default. Therefore, database queries may be performed during view rendering. Explicitly configure spring.jpa.open-in-view to disable this warning
2021-12-16 11:23:22.776  INFO 22517 --- [main] o.s.b.w.embedded.tomcat.TomcatWebServer  : Tomcat started on port(s): 8080 (http) with context path ''
2021-12-16 11:23:22.824  INFO 22517 --- [main] com.iteesoft.drone.DroneApplication      : Started DroneApplication in 21.172 seconds (JVM running for 23.675)
2021-12-16 11:24:02.809  INFO 22517 --- [scheduling-1] c.i.drone.service.impl.DroneServiceImpl  : Checking drones Battery level...
2021-12-16 11:24:02.988  INFO 22517 --- [scheduling-1] c.i.drone.service.impl.DroneServiceImpl  : Drone s/n: A07ughfd54, Battery level: 50%, Status: IDLE
2021-12-16 11:24:02.988  INFO 22517 --- [scheduling-1] c.i.drone.service.impl.DroneServiceImpl  : Drone s/n: D46hftfd22, Battery level: 27%, Status: DELIVERING
2021-12-16 11:24:02.988  INFO 22517 --- [scheduling-1] c.i.drone.service.impl.DroneServiceImpl  : Drone s/n: S18uydfe43, Battery level: 70%, Status: LOADED
2021-12-16 11:24:42.421  INFO 22517 --- [SpringApplicationShutdownHook] j.LocalContainerEntityManagerFactoryBean : Closing JPA EntityManagerFactory for persistence unit 'default'
2021-12-16 11:24:42.430  INFO 22517 --- [SpringApplicationShutdownHook] .SchemaDropperImpl$DelayedDropActionImpl : HHH000477: Starting delayed evictData of schema as part of SessionFactory shut-down'
2021-12-16 11:24:42.462  INFO 22517 --- [SpringApplicationShutdownHook] com.zaxxer.hikari.HikariDataSource       : HikariPool-1 - Shutdown initiated...
2021-12-16 11:24:42.471  INFO 22517 --- [SpringApplicationShutdownHook] com.zaxxer.hikari.HikariDataSource       : HikariPool-1 - Shutdown completed.
